<?xml version="1.0" encoding="UTF-8"?>
<!-- Generated by org.testng.reporters.JUnitReportReporter -->
<testsuite hostname="Gowtham" failures="0" tests="1" name="com.qa.testScripts.Tc_Exercise_04" time="0.676" errors="0" timestamp="2022-12-09T16:15:13 IST" skipped="0">
  <testcase classname="com.qa.testScripts.Tc_Exercise_04" name="scroll" time="0.676"/>
  <system-out/>
</testsuite> <!-- com.qa.testScripts.Tc_Exercise_04 -->
