<?xml version="1.0" encoding="UTF-8"?>
<!-- Generated by org.testng.reporters.JUnitReportReporter -->
<testsuite hostname="Gowtham" failures="0" tests="2" name="com.qa.testScripts.Tc_Exercise_05" time="15.249" errors="0" timestamp="2022-12-12T10:45:39 IST" skipped="0">
  <testcase classname="com.qa.testScripts.Tc_Exercise_05" name="mobileSearch" time="8.073"/>
  <system-out>
    <![CDATA[Title matched]]>
  </system-out>
  <testcase classname="com.qa.testScripts.Tc_Exercise_05" name="televisionSearch" time="7.176"/>
  <system-out>
    <![CDATA[Title matched]]>
  </system-out>
</testsuite> <!-- com.qa.testScripts.Tc_Exercise_05 -->
