<?xml version="1.0" encoding="UTF-8"?>
<!-- Generated by org.testng.reporters.JUnitReportReporter -->
<testsuite hostname="Gowtham" failures="0" tests="4" name="com.qa.testScripts.Tc_Exercise_03" time="70.756" errors="0" timestamp="2022-12-09T14:21:13 IST" skipped="0">
  <testcase classname="com.qa.testScripts.Tc_Exercise_03" name="bookFlight" time="16.917"/>
  <system-out/>
  <testcase classname="com.qa.testScripts.Tc_Exercise_03" name="bookFlight" time="16.360"/>
  <system-out/>
  <testcase classname="com.qa.testScripts.Tc_Exercise_03" name="bookFlight" time="17.453"/>
  <system-out/>
  <testcase classname="com.qa.testScripts.Tc_Exercise_03" name="bookFlight" time="20.026"/>
  <system-out/>
</testsuite> <!-- com.qa.testScripts.Tc_Exercise_03 -->
