<?xml version="1.0" encoding="UTF-8"?>
<!-- Generated by org.testng.reporters.JUnitReportReporter -->
<testsuite hostname="Gowtham" failures="0" tests="1" name="com.qa.testScripts.Tc_Exercise_02" time="9.219" errors="0" timestamp="2022-12-08T15:16:29 IST" skipped="0">
  <testcase classname="com.qa.testScripts.Tc_Exercise_02" name="simpliLearn" time="9.219"/>
  <system-out/>
</testsuite> <!-- com.qa.testScripts.Tc_Exercise_02 -->
