<?xml version="1.0" encoding="UTF-8"?>
<!-- Generated by org.testng.reporters.JUnitReportReporter -->
<testsuite hostname="Gowtham" failures="0" tests="2" name="com.qa.testScripts.Tc_Exercise_01" time="11.671" errors="0" timestamp="2022-12-08T15:12:59 IST" skipped="0">
  <testcase classname="com.qa.testScripts.Tc_Exercise_01" name="getGmail" time="6.393"/>
  <system-out/>
  <testcase classname="com.qa.testScripts.Tc_Exercise_01" name="getGmail" time="5.278"/>
  <system-out/>
</testsuite> <!-- com.qa.testScripts.Tc_Exercise_01 -->
